{(1, True): (0.9142851506113835, array([0.12944037, 0.03186457])), (1, False): (1.4646280046723923, array([0.13393872, 0.08933357])), (2, True): (0.9909293343211804, array([0.15010975, 0.02613309])), (2, False): (1.654009717620133, array([0.11941291, 0.11903004])), (3, True): (1.0361939067038552, array([0.13199963, 0.0340425 ])), (3, False): (8.976657752777479, array([0.5660451 , 0.07299967])), (4, True): (0.9782937455628165, array([0.16729772, 0.01996999])), (4, False): (1.3821802665728755, array([0.1265366 , 0.10533426])), (5, True): (0.9807574602081821, array([0.12335513, 0.03429297])), (5, False): (1.5446389769455073, array([0.17330459, 0.10303819])), (6, True): (0.9027653530666153, array([0.12701622, 0.0349357 ])), (6, False): (1.4674593609684015, array([0.12165886, 0.14034092]))}
1 True global_optimal
2992
Calculated 2992 id/kfold pairs
avg. train pnrmse: 0.7583752899536242
avg. test pnrmse: 0.9167419573241774
1 False global_optimal
2996
Calculated 2996 id/kfold pairs
avg. train pnrmse: 1.274853402174684
avg. test pnrmse: 1.4652449373900123
2 True global_optimal
2992
Calculated 2992 id/kfold pairs
avg. train pnrmse: 0.7720007166400069
avg. test pnrmse: 0.9924829944452473
2 False global_optimal
2998
Calculated 2991 id/kfold pairs
avg. train pnrmse: 1.3773703619254318
avg. test pnrmse: 1.6548294685701048
3 True global_optimal
2994
Calculated 2994 id/kfold pairs
avg. train pnrmse: 0.7721150779366515
avg. test pnrmse: 1.0380837957889
3 False global_optimal
2994
Calculated 2994 id/kfold pairs
avg. train pnrmse: 4.505694482208128
avg. test pnrmse: 8.987952270063834
4 True global_optimal
2993
Calculated 2993 id/kfold pairs
avg. train pnrmse: 0.7600670897419131
avg. test pnrmse: 0.9798111652795509
4 False global_optimal
2998
Calculated 2998 id/kfold pairs
avg. train pnrmse: 1.2698101750236255
avg. test pnrmse: 1.382895217782083
5 True global_optimal
2993
Calculated 2993 id/kfold pairs
avg. train pnrmse: 0.762917824955909
avg. test pnrmse: 0.9832919174815165
5 False global_optimal
2995
Calculated 2995 id/kfold pairs
avg. train pnrmse: 1.3919652120499681
avg. test pnrmse: 1.5449490293292367
6 True global_optimal
2996
Calculated 2996 id/kfold pairs
avg. train pnrmse: 0.7294483268878899
avg. test pnrmse: 0.904971459758996
6 False global_optimal
2993
Calculated 2993 id/kfold pairs
avg. train pnrmse: 1.311150036556972
avg. test pnrmse: 1.4680457453019427
